[2021-12-27 06:45:12Z INFO HostContext] No proxy settings were found based on environmental variables (http_proxy/https_proxy/HTTP_PROXY/HTTPS_PROXY)
[2021-12-27 06:45:12Z INFO HostContext] Well known directory 'Bin': 'C:\Users\jayeshs\GIT\actions-runner\bin'
[2021-12-27 06:45:12Z INFO HostContext] Well known directory 'Root': 'C:\Users\jayeshs\GIT\actions-runner'
[2021-12-27 06:45:12Z INFO HostContext] Well known config file 'Credentials': 'C:\Users\jayeshs\GIT\actions-runner\.credentials'
[2021-12-27 06:45:12Z INFO HostContext] Well known directory 'Bin': 'C:\Users\jayeshs\GIT\actions-runner\bin'
[2021-12-27 06:45:12Z INFO HostContext] Well known directory 'Root': 'C:\Users\jayeshs\GIT\actions-runner'
[2021-12-27 06:45:12Z INFO HostContext] Well known config file 'Runner': 'C:\Users\jayeshs\GIT\actions-runner\.runner'
[2021-12-27 06:45:12Z INFO Listener] Runner is built for Windows (X64) - win-x64.
[2021-12-27 06:45:12Z INFO Listener] RuntimeInformation: Microsoft Windows 10.0.22000.
[2021-12-27 06:45:12Z INFO Listener] Version: 2.285.1
[2021-12-27 06:45:12Z INFO Listener] Commit: 50afba61b40932c1084e31b5e9e7f5af325cc2ac
[2021-12-27 06:45:12Z INFO Listener] Culture: en-IN
[2021-12-27 06:45:12Z INFO Listener] UI Culture: en-US
[2021-12-27 06:45:12Z INFO HostContext] Well known directory 'Bin': 'C:\Users\jayeshs\GIT\actions-runner\bin'
[2021-12-27 06:45:12Z INFO HostContext] Well known directory 'Root': 'C:\Users\jayeshs\GIT\actions-runner'
[2021-12-27 06:45:12Z INFO Listener] Validating directory permissions for: 'C:\Users\jayeshs\GIT\actions-runner'
[2021-12-27 06:45:12Z INFO CommandLineParser] Parse
[2021-12-27 06:45:12Z INFO CommandLineParser] Parsing 5 args
[2021-12-27 06:45:12Z INFO CommandLineParser] parsing argument
[2021-12-27 06:45:12Z INFO CommandLineParser] HasArgs: False
[2021-12-27 06:45:12Z INFO CommandLineParser] Adding Command: configure
[2021-12-27 06:45:12Z INFO CommandLineParser] parsing argument
[2021-12-27 06:45:12Z INFO CommandLineParser] HasArgs: True
[2021-12-27 06:45:12Z INFO CommandLineParser] arg: url
[2021-12-27 06:45:12Z INFO CommandLineParser] parsing argument
[2021-12-27 06:45:12Z INFO CommandLineParser] HasArgs: True
[2021-12-27 06:45:12Z INFO CommandLineParser] Adding option 'url': 'https://github.com/demo-canarys'
[2021-12-27 06:45:12Z INFO CommandLineParser] parsing argument
[2021-12-27 06:45:12Z INFO CommandLineParser] HasArgs: True
[2021-12-27 06:45:12Z INFO CommandLineParser] arg: token
[2021-12-27 06:45:12Z INFO CommandLineParser] parsing argument
[2021-12-27 06:45:12Z INFO CommandLineParser] HasArgs: True
[2021-12-27 06:45:12Z INFO CommandLineParser] Adding option 'token': '***'
[2021-12-27 06:45:12Z INFO Listener] Arguments parsed
[2021-12-27 06:45:12Z INFO Runner] ExecuteCommand
[2021-12-27 06:45:12Z INFO ConfigurationStore] currentAssemblyLocation: C:\Users\jayeshs\GIT\actions-runner\bin\Runner.Listener.dll
[2021-12-27 06:45:12Z INFO HostContext] Well known directory 'Bin': 'C:\Users\jayeshs\GIT\actions-runner\bin'
[2021-12-27 06:45:12Z INFO ConfigurationStore] binPath: C:\Users\jayeshs\GIT\actions-runner\bin
[2021-12-27 06:45:12Z INFO HostContext] Well known directory 'Bin': 'C:\Users\jayeshs\GIT\actions-runner\bin'
[2021-12-27 06:45:12Z INFO HostContext] Well known directory 'Root': 'C:\Users\jayeshs\GIT\actions-runner'
[2021-12-27 06:45:12Z INFO ConfigurationStore] RootFolder: C:\Users\jayeshs\GIT\actions-runner
[2021-12-27 06:45:12Z INFO HostContext] Well known directory 'Bin': 'C:\Users\jayeshs\GIT\actions-runner\bin'
[2021-12-27 06:45:12Z INFO HostContext] Well known directory 'Root': 'C:\Users\jayeshs\GIT\actions-runner'
[2021-12-27 06:45:12Z INFO HostContext] Well known config file 'Runner': 'C:\Users\jayeshs\GIT\actions-runner\.runner'
[2021-12-27 06:45:12Z INFO ConfigurationStore] ConfigFilePath: C:\Users\jayeshs\GIT\actions-runner\.runner
[2021-12-27 06:45:12Z INFO HostContext] Well known directory 'Bin': 'C:\Users\jayeshs\GIT\actions-runner\bin'
[2021-12-27 06:45:12Z INFO HostContext] Well known directory 'Root': 'C:\Users\jayeshs\GIT\actions-runner'
[2021-12-27 06:45:12Z INFO HostContext] Well known config file 'Credentials': 'C:\Users\jayeshs\GIT\actions-runner\.credentials'
[2021-12-27 06:45:12Z INFO ConfigurationStore] CredFilePath: C:\Users\jayeshs\GIT\actions-runner\.credentials
[2021-12-27 06:45:12Z INFO HostContext] Well known directory 'Bin': 'C:\Users\jayeshs\GIT\actions-runner\bin'
[2021-12-27 06:45:12Z INFO HostContext] Well known directory 'Root': 'C:\Users\jayeshs\GIT\actions-runner'
[2021-12-27 06:45:12Z INFO HostContext] Well known config file 'MigratedCredentials': 'C:\Users\jayeshs\GIT\actions-runner\.credentials_migrated'
[2021-12-27 06:45:12Z INFO ConfigurationStore] MigratedCredFilePath: C:\Users\jayeshs\GIT\actions-runner\.credentials_migrated
[2021-12-27 06:45:12Z INFO HostContext] Well known directory 'Bin': 'C:\Users\jayeshs\GIT\actions-runner\bin'
[2021-12-27 06:45:12Z INFO HostContext] Well known directory 'Root': 'C:\Users\jayeshs\GIT\actions-runner'
[2021-12-27 06:45:12Z INFO HostContext] Well known config file 'Service': 'C:\Users\jayeshs\GIT\actions-runner\.service'
[2021-12-27 06:45:12Z INFO ConfigurationStore] ServiceConfigFilePath: C:\Users\jayeshs\GIT\actions-runner\.service
[2021-12-27 06:45:12Z INFO CommandSettings] Flag 'help': 'False'
[2021-12-27 06:45:12Z INFO CommandSettings] Flag 'version': 'False'
[2021-12-27 06:45:12Z INFO CommandSettings] Flag 'commit': 'False'
[2021-12-27 06:45:12Z INFO CommandSettings] Flag 'check': 'False'
[2021-12-27 06:45:12Z INFO CommandSettings] Command 'configure': 'True'
[2021-12-27 06:45:12Z INFO Terminal] WRITE LINE: 
[2021-12-27 06:45:12Z INFO Terminal] WRITE LINE: --------------------------------------------------------------------------------
[2021-12-27 06:45:12Z INFO Terminal] WRITE LINE: |        ____ _ _   _   _       _          _        _   _                      |
[2021-12-27 06:45:12Z INFO Terminal] WRITE LINE: |       / ___(_) |_| | | |_   _| |__      / \   ___| |_(_) ___  _ __  ___      |
[2021-12-27 06:45:12Z INFO Terminal] WRITE LINE: |      | |  _| | __| |_| | | | | '_ \    / _ \ / __| __| |/ _ \| '_ \/ __|     |
[2021-12-27 06:45:12Z INFO Terminal] WRITE LINE: |      | |_| | | |_|  _  | |_| | |_) |  / ___ \ (__| |_| | (_) | | | \__ \     |
[2021-12-27 06:45:12Z INFO Terminal] WRITE LINE: |       \____|_|\__|_| |_|\__,_|_.__/  /_/   \_\___|\__|_|\___/|_| |_|___/     |
[2021-12-27 06:45:12Z INFO Terminal] WRITE LINE: |                                                                              |
[2021-12-27 06:45:12Z INFO Terminal] WRITE: |                       
[2021-12-27 06:45:12Z INFO Terminal] WRITE: Self-hosted runner registration
[2021-12-27 06:45:12Z INFO Terminal] WRITE LINE:                         |
[2021-12-27 06:45:12Z INFO Terminal] WRITE LINE: |                                                                              |
[2021-12-27 06:45:12Z INFO Terminal] WRITE LINE: --------------------------------------------------------------------------------
[2021-12-27 06:45:12Z INFO ConfigurationManager] ConfigureAsync
[2021-12-27 06:45:12Z INFO ConfigurationStore] IsConfigured()
[2021-12-27 06:45:12Z INFO ConfigurationStore] IsConfigured: False
[2021-12-27 06:45:12Z INFO ConfigurationManager] Is configured: False
[2021-12-27 06:45:12Z INFO CommandSettings] Arg 'url': 'https://github.com/demo-canarys'
[2021-12-27 06:45:12Z INFO CommandSettings] Remove url from Arg dictionary.
[2021-12-27 06:45:12Z INFO CommandSettings] Arg 'token': '***'
[2021-12-27 06:45:12Z INFO CommandSettings] Remove token from Arg dictionary.
[2021-12-27 06:45:13Z INFO ConfigurationManager] Http response code: OK from 'POST https://api.github.com/actions/runner-registration'
[2021-12-27 06:45:13Z INFO ConfigurationManager] cred retrieved via GitHub auth
[2021-12-27 06:45:13Z INFO RunnerServer] Establish connection with 100 seconds timeout.
[2021-12-27 06:45:13Z INFO GitHubActionsService] Starting operation Location.GetConnectionData
[2021-12-27 06:45:13Z INFO RunnerServer] Establish connection with 60 seconds timeout.
[2021-12-27 06:45:13Z INFO GitHubActionsService] Starting operation Location.GetConnectionData
[2021-12-27 06:45:13Z INFO RunnerServer] Establish connection with 60 seconds timeout.
[2021-12-27 06:45:13Z INFO GitHubActionsService] Starting operation Location.GetConnectionData
[2021-12-27 06:45:14Z INFO GitHubActionsService] Finished operation Location.GetConnectionData
[2021-12-27 06:45:14Z INFO GitHubActionsService] Finished operation Location.GetConnectionData
[2021-12-27 06:45:14Z INFO GitHubActionsService] Finished operation Location.GetConnectionData
[2021-12-27 06:45:14Z INFO Terminal] WRITE LINE: 
[2021-12-27 06:45:15Z INFO ConfigurationManager] Test Connection complete.
[2021-12-27 06:45:15Z INFO HostContext] Well known directory 'Bin': 'C:\Users\jayeshs\GIT\actions-runner\bin'
[2021-12-27 06:45:15Z INFO HostContext] Well known directory 'Root': 'C:\Users\jayeshs\GIT\actions-runner'
[2021-12-27 06:45:15Z INFO HostContext] Well known config file 'RSACredentials': 'C:\Users\jayeshs\GIT\actions-runner\.credentials_rsaparams'
[2021-12-27 06:45:15Z INFO RSAEncryptedFileKeyManager] Creating new RSA key using 2048-bit key length
[2021-12-27 06:45:15Z INFO RSAEncryptedFileKeyManager] Successfully saved RSA key parameters to file C:\Users\jayeshs\GIT\actions-runner\.credentials_rsaparams
[2021-12-27 06:45:15Z INFO CommandSettings] Arg 'runnergroup': ''
[2021-12-27 06:45:15Z INFO CommandSettings] Flag 'unattended': 'False'
[2021-12-27 06:45:15Z INFO PromptManager] ReadValue
[2021-12-27 06:45:15Z INFO Terminal] WRITE: Enter the name of the runner group to add this runner to: 
[2021-12-27 06:45:15Z INFO Terminal] WRITE: [press Enter for Default] 
[2021-12-27 06:45:15Z INFO Terminal] READ LINE
[2021-12-27 06:45:25Z INFO Terminal] Read value: ''
[2021-12-27 06:45:25Z INFO PromptManager] Falling back to the default: 'Default'
[2021-12-27 06:45:25Z INFO Terminal] WRITE LINE: 
[2021-12-27 06:45:25Z INFO ConfigurationManager] Found a self-hosted runner group with id 1 and name Default
[2021-12-27 06:45:25Z INFO CommandSettings] Flag 'ephemeral': 'False'
[2021-12-27 06:45:25Z INFO CommandSettings] Arg 'name': ''
[2021-12-27 06:45:25Z INFO CommandSettings] Flag 'unattended': 'False'
[2021-12-27 06:45:25Z INFO PromptManager] ReadValue
[2021-12-27 06:45:25Z INFO Terminal] WRITE: Enter the name of runner: 
[2021-12-27 06:45:25Z INFO Terminal] WRITE: [press Enter for JOGIGUNDI] 
[2021-12-27 06:45:25Z INFO Terminal] READ LINE
[2021-12-27 06:45:28Z INFO Terminal] Read value: './run.cmd'
[2021-12-27 06:45:28Z INFO Terminal] WRITE LINE: 
[2021-12-27 06:45:28Z INFO CommandSettings] Arg 'labels': ''
[2021-12-27 06:45:28Z INFO CommandSettings] Flag 'unattended': 'False'
[2021-12-27 06:45:28Z INFO PromptManager] ReadValue
[2021-12-27 06:45:28Z INFO Terminal] WRITE: This runner will have the following labels: 'self-hosted', 'Windows', 'X64' 
Enter any additional labels (ex. label-1,label-2): 
[2021-12-27 06:45:28Z INFO Terminal] WRITE: [press Enter to skip] 
[2021-12-27 06:45:28Z INFO Terminal] READ LINE
[2021-12-27 06:45:37Z INFO Terminal] Read value: ''
[2021-12-27 06:45:37Z INFO Terminal] WRITE LINE: 
[2021-12-27 06:45:37Z ERR  GitHubActionsService] POST request to https://pipelines.actions.githubusercontent.com/eRReQK4cQoReknO6d7JyFMX0nkVQFPv9Dp8jMbvkoOVJ6IWBWw/_apis/distributedtask/pools/1/agents failed. HTTP Status: BadRequest, AFD Ref: Ref A: E88ED14A22CF445CA3C4B0E6A99C7AC0 Ref B: BOM02EDGE0420 Ref C: 2021-12-27T06:45:13Z
[2021-12-27 06:45:37Z INFO CommandSettings] Flag 'unattended': 'False'
[2021-12-27 06:45:37Z ERR  Terminal] WRITE ERROR (exception):
[2021-12-27 06:45:37Z ERR  Terminal] GitHub.Services.WebApi.VssServiceResponseException: The runner name './run.cmd' is not valid. A valid runner name is 64 characters or less in length and does not include '"', '/', ':', '<', '>', '\', '|', '*' and '?'. (Parameter 'agent.Name')
 ---> System.ArgumentException: The runner name './run.cmd' is not valid. A valid runner name is 64 characters or less in length and does not include '"', '/', ':', '<', '>', '\', '|', '*' and '?'. (Parameter 'agent.Name')
   --- End of inner exception stack trace ---
   at GitHub.Services.WebApi.VssHttpClientBase.HandleResponseAsync(HttpResponseMessage response, CancellationToken cancellationToken)
   at GitHub.Services.WebApi.VssHttpClientBase.SendAsync(HttpRequestMessage message, HttpCompletionOption completionOption, Object userState, CancellationToken cancellationToken)
   at GitHub.Services.WebApi.VssHttpClientBase.SendAsync[T](HttpRequestMessage message, Object userState, CancellationToken cancellationToken)
   at GitHub.Services.WebApi.VssHttpClientBase.SendAsync[T](HttpMethod method, IEnumerable`1 additionalHeaders, Guid locationId, Object routeValues, ApiResourceVersion version, HttpContent content, IEnumerable`1 queryParameters, Object userState, CancellationToken cancellationToken)
   at GitHub.Runner.Listener.Configuration.ConfigurationManager.ConfigureAsync(CommandSettings command)
[2021-12-27 06:45:37Z ERR  Terminal] #####################################################
[2021-12-27 06:45:37Z ERR  Terminal] System.ArgumentException: The runner name './run.cmd' is not valid. A valid runner name is 64 characters or less in length and does not include '"', '/', ':', '<', '>', '\', '|', '*' and '?'. (Parameter 'agent.Name')
[2021-12-27 06:45:37Z ERR  Terminal] WRITE ERROR: Failed to add the runner. Try again or ctrl-c to quit
[2021-12-27 06:45:37Z INFO CommandSettings] Flag 'ephemeral': 'False'
[2021-12-27 06:45:37Z INFO CommandSettings] Arg 'name': ''
[2021-12-27 06:45:37Z INFO CommandSettings] Flag 'unattended': 'False'
[2021-12-27 06:45:37Z INFO PromptManager] ReadValue
[2021-12-27 06:45:37Z INFO Terminal] WRITE: Enter the name of runner: 
[2021-12-27 06:45:37Z INFO Terminal] WRITE: [press Enter for JOGIGUNDI] 
[2021-12-27 06:45:37Z INFO Terminal] READ LINE
[2021-12-27 06:45:45Z INFO Terminal] Read value: 'ls'
[2021-12-27 06:45:45Z INFO Terminal] WRITE LINE: 
[2021-12-27 06:45:45Z INFO CommandSettings] Arg 'labels': ''
[2021-12-27 06:45:45Z INFO CommandSettings] Flag 'unattended': 'False'
[2021-12-27 06:45:45Z INFO PromptManager] ReadValue
[2021-12-27 06:45:45Z INFO Terminal] WRITE: This runner will have the following labels: 'self-hosted', 'Windows', 'X64' 
Enter any additional labels (ex. label-1,label-2): 
[2021-12-27 06:45:45Z INFO Terminal] WRITE: [press Enter to skip] 
[2021-12-27 06:45:45Z INFO Terminal] READ LINE
[2021-12-27 06:46:14Z INFO Terminal] Read value: 'runs-on: self-hosted'
[2021-12-27 06:46:14Z INFO Terminal] WRITE LINE: 
[2021-12-27 06:46:15Z INFO ConfigurationStore] Saving OAuth credential @ C:\Users\jayeshs\GIT\actions-runner\.credentials
[2021-12-27 06:46:15Z INFO ConfigurationStore] Credentials Saved.
[2021-12-27 06:46:15Z INFO ConfigurationStore] HasCredentials()
[2021-12-27 06:46:15Z INFO ConfigurationStore] stored True
[2021-12-27 06:46:15Z INFO CredentialManager] GetCredentialProvider
[2021-12-27 06:46:15Z INFO CredentialManager] Creating type OAuth
[2021-12-27 06:46:15Z INFO CredentialManager] Creating credential type: OAuth
[2021-12-27 06:46:15Z INFO RSAEncryptedFileKeyManager] Loading RSA key parameters from file C:\Users\jayeshs\GIT\actions-runner\.credentials_rsaparams
[2021-12-27 06:46:15Z INFO RunnerServer] Establish connection with 100 seconds timeout.
[2021-12-27 06:46:15Z INFO GitHubActionsService] Starting operation Location.GetConnectionData
[2021-12-27 06:46:15Z INFO RunnerServer] Establish connection with 60 seconds timeout.
[2021-12-27 06:46:15Z INFO GitHubActionsService] Starting operation Location.GetConnectionData
[2021-12-27 06:46:15Z INFO RunnerServer] Establish connection with 60 seconds timeout.
[2021-12-27 06:46:15Z INFO GitHubActionsService] Starting operation Location.GetConnectionData
[2021-12-27 06:46:16Z INFO GitHubActionsService] Finished operation Location.GetConnectionData
[2021-12-27 06:46:16Z INFO GitHubActionsService] Finished operation Location.GetConnectionData
[2021-12-27 06:46:16Z INFO GitHubActionsService] Finished operation Location.GetConnectionData
[2021-12-27 06:46:17Z WARN GitHubActionsService] Authentication failed with status code 401.
WWW-Authenticate: Bearer
Strict-Transport-Security: max-age=2592000
X-TFS-ProcessId: 04d3301b-f0d3-4a75-ae42-a9e2146eac9b
ActivityId: c93132c9-c3ea-41ff-a349-0ec09d7a6a6a
X-TFS-Session: f8bbd0ca-0a0a-4e3a-ad22-9ce1555840c8
X-VSS-E2EID: 1480142c-96f7-4946-ad0c-23bde5e969d4
X-VSS-SenderDeploymentId: 2c974d96-2c30-cef5-eff2-3e0511a903a5
X-TFS-ServiceError: The+user+%27System%3aPublicAccess%3baaaaaaaa-aaaa-aaaa-aaaa-aaaaaaaaaaaa%27+is+not+authorized+to+access+this+resource.
X-VSS-S2STargetService: 0000005A-0000-8888-8000-000000000000/visualstudio.com
X-Cache: CONFIG_NOCACHE
X-MSEdge-Ref: Ref A: 92320F1A86B745FC8633150D9F69BC5E Ref B: BOM02EDGE0708 Ref C: 2021-12-27T06:45:52Z
Date: Mon, 27 Dec 2021 06:45:51 GMT

[2021-12-27 06:46:17Z INFO RSAEncryptedFileKeyManager] Loading RSA key parameters from file C:\Users\jayeshs\GIT\actions-runner\.credentials_rsaparams
[2021-12-27 06:46:17Z INFO RSAEncryptedFileKeyManager] Loading RSA key parameters from file C:\Users\jayeshs\GIT\actions-runner\.credentials_rsaparams
[2021-12-27 06:46:18Z INFO GitHubActionsService] AAD Correlation ID for this token request: Unknown
[2021-12-27 06:46:18Z INFO CommandSettings] Arg 'work': ''
[2021-12-27 06:46:18Z INFO CommandSettings] Flag 'unattended': 'False'
[2021-12-27 06:46:18Z INFO PromptManager] ReadValue
[2021-12-27 06:46:18Z INFO Terminal] WRITE: Enter name of work folder: 
[2021-12-27 06:46:18Z INFO Terminal] WRITE: [press Enter for _work] 
[2021-12-27 06:46:18Z INFO Terminal] READ LINE
