[2021-12-29 07:49:04Z INFO HostContext] No proxy settings were found based on environmental variables (http_proxy/https_proxy/HTTP_PROXY/HTTPS_PROXY)
[2021-12-29 07:49:04Z INFO HostContext] Well known directory 'Bin': 'C:\Users\jayeshs\GIT\actions-runner\bin'
[2021-12-29 07:49:04Z INFO HostContext] Well known directory 'Root': 'C:\Users\jayeshs\GIT\actions-runner'
[2021-12-29 07:49:04Z INFO HostContext] Well known config file 'Credentials': 'C:\Users\jayeshs\GIT\actions-runner\.credentials'
[2021-12-29 07:49:04Z INFO HostContext] Well known directory 'Bin': 'C:\Users\jayeshs\GIT\actions-runner\bin'
[2021-12-29 07:49:04Z INFO HostContext] Well known directory 'Root': 'C:\Users\jayeshs\GIT\actions-runner'
[2021-12-29 07:49:04Z INFO HostContext] Well known config file 'Runner': 'C:\Users\jayeshs\GIT\actions-runner\.runner'
[2021-12-29 07:49:04Z INFO Listener] Runner is built for Windows (X64) - win-x64.
[2021-12-29 07:49:04Z INFO Listener] RuntimeInformation: Microsoft Windows 10.0.22000.
[2021-12-29 07:49:04Z INFO Listener] Version: 2.285.1
[2021-12-29 07:49:04Z INFO Listener] Commit: 50afba61b40932c1084e31b5e9e7f5af325cc2ac
[2021-12-29 07:49:04Z INFO Listener] Culture: en-IN
[2021-12-29 07:49:04Z INFO Listener] UI Culture: en-US
[2021-12-29 07:49:04Z INFO HostContext] Well known directory 'Bin': 'C:\Users\jayeshs\GIT\actions-runner\bin'
[2021-12-29 07:49:04Z INFO HostContext] Well known directory 'Root': 'C:\Users\jayeshs\GIT\actions-runner'
[2021-12-29 07:49:04Z INFO Listener] Validating directory permissions for: 'C:\Users\jayeshs\GIT\actions-runner'
[2021-12-29 07:49:04Z INFO CommandLineParser] Parse
[2021-12-29 07:49:04Z INFO CommandLineParser] Parsing 1 args
[2021-12-29 07:49:04Z INFO CommandLineParser] parsing argument
[2021-12-29 07:49:04Z INFO CommandLineParser] HasArgs: False
[2021-12-29 07:49:04Z INFO CommandLineParser] Adding Command: configure
[2021-12-29 07:49:04Z INFO Listener] Arguments parsed
[2021-12-29 07:49:04Z INFO Runner] ExecuteCommand
[2021-12-29 07:49:04Z INFO ConfigurationStore] currentAssemblyLocation: C:\Users\jayeshs\GIT\actions-runner\bin\Runner.Listener.dll
[2021-12-29 07:49:04Z INFO HostContext] Well known directory 'Bin': 'C:\Users\jayeshs\GIT\actions-runner\bin'
[2021-12-29 07:49:04Z INFO ConfigurationStore] binPath: C:\Users\jayeshs\GIT\actions-runner\bin
[2021-12-29 07:49:04Z INFO HostContext] Well known directory 'Bin': 'C:\Users\jayeshs\GIT\actions-runner\bin'
[2021-12-29 07:49:04Z INFO HostContext] Well known directory 'Root': 'C:\Users\jayeshs\GIT\actions-runner'
[2021-12-29 07:49:04Z INFO ConfigurationStore] RootFolder: C:\Users\jayeshs\GIT\actions-runner
[2021-12-29 07:49:04Z INFO HostContext] Well known directory 'Bin': 'C:\Users\jayeshs\GIT\actions-runner\bin'
[2021-12-29 07:49:04Z INFO HostContext] Well known directory 'Root': 'C:\Users\jayeshs\GIT\actions-runner'
[2021-12-29 07:49:04Z INFO HostContext] Well known config file 'Runner': 'C:\Users\jayeshs\GIT\actions-runner\.runner'
[2021-12-29 07:49:04Z INFO ConfigurationStore] ConfigFilePath: C:\Users\jayeshs\GIT\actions-runner\.runner
[2021-12-29 07:49:04Z INFO HostContext] Well known directory 'Bin': 'C:\Users\jayeshs\GIT\actions-runner\bin'
[2021-12-29 07:49:04Z INFO HostContext] Well known directory 'Root': 'C:\Users\jayeshs\GIT\actions-runner'
[2021-12-29 07:49:04Z INFO HostContext] Well known config file 'Credentials': 'C:\Users\jayeshs\GIT\actions-runner\.credentials'
[2021-12-29 07:49:04Z INFO ConfigurationStore] CredFilePath: C:\Users\jayeshs\GIT\actions-runner\.credentials
[2021-12-29 07:49:04Z INFO HostContext] Well known directory 'Bin': 'C:\Users\jayeshs\GIT\actions-runner\bin'
[2021-12-29 07:49:04Z INFO HostContext] Well known directory 'Root': 'C:\Users\jayeshs\GIT\actions-runner'
[2021-12-29 07:49:04Z INFO HostContext] Well known config file 'MigratedCredentials': 'C:\Users\jayeshs\GIT\actions-runner\.credentials_migrated'
[2021-12-29 07:49:04Z INFO ConfigurationStore] MigratedCredFilePath: C:\Users\jayeshs\GIT\actions-runner\.credentials_migrated
[2021-12-29 07:49:04Z INFO HostContext] Well known directory 'Bin': 'C:\Users\jayeshs\GIT\actions-runner\bin'
[2021-12-29 07:49:04Z INFO HostContext] Well known directory 'Root': 'C:\Users\jayeshs\GIT\actions-runner'
[2021-12-29 07:49:04Z INFO HostContext] Well known config file 'Service': 'C:\Users\jayeshs\GIT\actions-runner\.service'
[2021-12-29 07:49:04Z INFO ConfigurationStore] ServiceConfigFilePath: C:\Users\jayeshs\GIT\actions-runner\.service
[2021-12-29 07:49:04Z INFO CommandSettings] Flag 'help': 'False'
[2021-12-29 07:49:04Z INFO CommandSettings] Flag 'version': 'False'
[2021-12-29 07:49:04Z INFO CommandSettings] Flag 'commit': 'False'
[2021-12-29 07:49:04Z INFO CommandSettings] Flag 'check': 'False'
[2021-12-29 07:49:04Z INFO CommandSettings] Command 'configure': 'True'
[2021-12-29 07:49:04Z INFO Terminal] WRITE LINE: 
[2021-12-29 07:49:04Z INFO Terminal] WRITE LINE: --------------------------------------------------------------------------------
[2021-12-29 07:49:04Z INFO Terminal] WRITE LINE: |        ____ _ _   _   _       _          _        _   _                      |
[2021-12-29 07:49:04Z INFO Terminal] WRITE LINE: |       / ___(_) |_| | | |_   _| |__      / \   ___| |_(_) ___  _ __  ___      |
[2021-12-29 07:49:04Z INFO Terminal] WRITE LINE: |      | |  _| | __| |_| | | | | '_ \    / _ \ / __| __| |/ _ \| '_ \/ __|     |
[2021-12-29 07:49:04Z INFO Terminal] WRITE LINE: |      | |_| | | |_|  _  | |_| | |_) |  / ___ \ (__| |_| | (_) | | | \__ \     |
[2021-12-29 07:49:04Z INFO Terminal] WRITE LINE: |       \____|_|\__|_| |_|\__,_|_.__/  /_/   \_\___|\__|_|\___/|_| |_|___/     |
[2021-12-29 07:49:04Z INFO Terminal] WRITE LINE: |                                                                              |
[2021-12-29 07:49:04Z INFO Terminal] WRITE: |                       
[2021-12-29 07:49:04Z INFO Terminal] WRITE: Self-hosted runner registration
[2021-12-29 07:49:04Z INFO Terminal] WRITE LINE:                         |
[2021-12-29 07:49:04Z INFO Terminal] WRITE LINE: |                                                                              |
[2021-12-29 07:49:04Z INFO Terminal] WRITE LINE: --------------------------------------------------------------------------------
[2021-12-29 07:49:04Z INFO ConfigurationManager] ConfigureAsync
[2021-12-29 07:49:04Z INFO ConfigurationStore] IsConfigured()
[2021-12-29 07:49:04Z INFO ConfigurationStore] IsConfigured: True
[2021-12-29 07:49:04Z INFO ConfigurationManager] Is configured: True
[2021-12-29 07:49:04Z ERR  Runner] System.InvalidOperationException: Cannot configure the runner because it is already configured. To reconfigure the runner, run 'config.cmd remove' or './config.sh remove' first.
   at GitHub.Runner.Listener.Configuration.ConfigurationManager.ConfigureAsync(CommandSettings command)
   at GitHub.Runner.Listener.Runner.ExecuteCommand(CommandSettings command)
[2021-12-29 07:49:04Z ERR  Terminal] WRITE ERROR: Cannot configure the runner because it is already configured. To reconfigure the runner, run 'config.cmd remove' or './config.sh remove' first.
[2021-12-29 07:49:04Z INFO Listener] Runner execution has finished with return code 1
