[2021-12-27 06:52:35Z INFO HostContext] No proxy settings were found based on environmental variables (http_proxy/https_proxy/HTTP_PROXY/HTTPS_PROXY)
[2021-12-27 06:52:35Z INFO HostContext] Well known directory 'Bin': 'C:\Users\jayeshs\GIT\actions-runner\bin'
[2021-12-27 06:52:35Z INFO HostContext] Well known directory 'Root': 'C:\Users\jayeshs\GIT\actions-runner'
[2021-12-27 06:52:35Z INFO HostContext] Well known config file 'Credentials': 'C:\Users\jayeshs\GIT\actions-runner\.credentials'
[2021-12-27 06:52:35Z INFO HostContext] Well known directory 'Bin': 'C:\Users\jayeshs\GIT\actions-runner\bin'
[2021-12-27 06:52:35Z INFO HostContext] Well known directory 'Root': 'C:\Users\jayeshs\GIT\actions-runner'
[2021-12-27 06:52:35Z INFO HostContext] Well known config file 'Runner': 'C:\Users\jayeshs\GIT\actions-runner\.runner'
[2021-12-27 06:52:35Z INFO Listener] Runner is built for Windows (X64) - win-x64.
[2021-12-27 06:52:35Z INFO Listener] RuntimeInformation: Microsoft Windows 10.0.22000.
[2021-12-27 06:52:35Z INFO Listener] Version: 2.285.1
[2021-12-27 06:52:35Z INFO Listener] Commit: 50afba61b40932c1084e31b5e9e7f5af325cc2ac
[2021-12-27 06:52:35Z INFO Listener] Culture: en-IN
[2021-12-27 06:52:35Z INFO Listener] UI Culture: en-US
[2021-12-27 06:52:35Z INFO HostContext] Well known directory 'Bin': 'C:\Users\jayeshs\GIT\actions-runner\bin'
[2021-12-27 06:52:35Z INFO HostContext] Well known directory 'Root': 'C:\Users\jayeshs\GIT\actions-runner'
[2021-12-27 06:52:35Z INFO Listener] Validating directory permissions for: 'C:\Users\jayeshs\GIT\actions-runner'
[2021-12-27 06:52:35Z INFO CommandLineParser] Parse
[2021-12-27 06:52:35Z INFO CommandLineParser] Parsing 1 args
[2021-12-27 06:52:35Z INFO CommandLineParser] parsing argument
[2021-12-27 06:52:35Z INFO CommandLineParser] HasArgs: False
[2021-12-27 06:52:35Z INFO CommandLineParser] Adding Command: run
[2021-12-27 06:52:35Z INFO Listener] Arguments parsed
[2021-12-27 06:52:35Z INFO Runner] ExecuteCommand
[2021-12-27 06:52:35Z INFO ConfigurationStore] currentAssemblyLocation: C:\Users\jayeshs\GIT\actions-runner\bin\Runner.Listener.dll
[2021-12-27 06:52:35Z INFO HostContext] Well known directory 'Bin': 'C:\Users\jayeshs\GIT\actions-runner\bin'
[2021-12-27 06:52:35Z INFO ConfigurationStore] binPath: C:\Users\jayeshs\GIT\actions-runner\bin
[2021-12-27 06:52:35Z INFO HostContext] Well known directory 'Bin': 'C:\Users\jayeshs\GIT\actions-runner\bin'
[2021-12-27 06:52:35Z INFO HostContext] Well known directory 'Root': 'C:\Users\jayeshs\GIT\actions-runner'
[2021-12-27 06:52:35Z INFO ConfigurationStore] RootFolder: C:\Users\jayeshs\GIT\actions-runner
[2021-12-27 06:52:35Z INFO HostContext] Well known directory 'Bin': 'C:\Users\jayeshs\GIT\actions-runner\bin'
[2021-12-27 06:52:35Z INFO HostContext] Well known directory 'Root': 'C:\Users\jayeshs\GIT\actions-runner'
[2021-12-27 06:52:35Z INFO HostContext] Well known config file 'Runner': 'C:\Users\jayeshs\GIT\actions-runner\.runner'
[2021-12-27 06:52:35Z INFO ConfigurationStore] ConfigFilePath: C:\Users\jayeshs\GIT\actions-runner\.runner
[2021-12-27 06:52:35Z INFO HostContext] Well known directory 'Bin': 'C:\Users\jayeshs\GIT\actions-runner\bin'
[2021-12-27 06:52:35Z INFO HostContext] Well known directory 'Root': 'C:\Users\jayeshs\GIT\actions-runner'
[2021-12-27 06:52:35Z INFO HostContext] Well known config file 'Credentials': 'C:\Users\jayeshs\GIT\actions-runner\.credentials'
[2021-12-27 06:52:35Z INFO ConfigurationStore] CredFilePath: C:\Users\jayeshs\GIT\actions-runner\.credentials
[2021-12-27 06:52:35Z INFO HostContext] Well known directory 'Bin': 'C:\Users\jayeshs\GIT\actions-runner\bin'
[2021-12-27 06:52:35Z INFO HostContext] Well known directory 'Root': 'C:\Users\jayeshs\GIT\actions-runner'
[2021-12-27 06:52:35Z INFO HostContext] Well known config file 'MigratedCredentials': 'C:\Users\jayeshs\GIT\actions-runner\.credentials_migrated'
[2021-12-27 06:52:35Z INFO ConfigurationStore] MigratedCredFilePath: C:\Users\jayeshs\GIT\actions-runner\.credentials_migrated
[2021-12-27 06:52:35Z INFO HostContext] Well known directory 'Bin': 'C:\Users\jayeshs\GIT\actions-runner\bin'
[2021-12-27 06:52:35Z INFO HostContext] Well known directory 'Root': 'C:\Users\jayeshs\GIT\actions-runner'
[2021-12-27 06:52:35Z INFO HostContext] Well known config file 'Service': 'C:\Users\jayeshs\GIT\actions-runner\.service'
[2021-12-27 06:52:35Z INFO ConfigurationStore] ServiceConfigFilePath: C:\Users\jayeshs\GIT\actions-runner\.service
[2021-12-27 06:52:35Z INFO CommandSettings] Flag 'help': 'False'
[2021-12-27 06:52:35Z INFO CommandSettings] Flag 'version': 'False'
[2021-12-27 06:52:35Z INFO CommandSettings] Flag 'commit': 'False'
[2021-12-27 06:52:35Z INFO CommandSettings] Flag 'check': 'False'
[2021-12-27 06:52:35Z INFO CommandSettings] Command 'configure': 'False'
[2021-12-27 06:52:35Z INFO CommandSettings] Command 'remove': 'False'
[2021-12-27 06:52:35Z INFO CommandSettings] Command 'warmup': 'False'
[2021-12-27 06:52:35Z INFO ConfigurationManager] LoadSettings
[2021-12-27 06:52:35Z INFO ConfigurationStore] IsConfigured()
[2021-12-27 06:52:35Z INFO ConfigurationStore] IsConfigured: False
[2021-12-27 06:52:35Z INFO ConfigurationManager] Is configured: False
[2021-12-27 06:52:35Z ERR  Terminal] WRITE ERROR: An error occurred: Not configured. Run config.(sh/cmd) to configure the runner.
[2021-12-27 06:52:35Z ERR  Listener] System.InvalidOperationException: Not configured. Run config.(sh/cmd) to configure the runner.
   at GitHub.Runner.Listener.Configuration.ConfigurationManager.LoadSettings()
   at GitHub.Runner.Listener.Runner.ExecuteCommand(CommandSettings command)
   at GitHub.Runner.Listener.Program.MainAsync(IHostContext context, String[] args)
